#
# There is insufficient memory for the Java Runtime Environment to continue.
# Native memory allocation (malloc) failed to allocate 1287232 bytes for Chunk::new
# Possible reasons:
#   The system is out of physical RAM or swap space
#   In 32 bit mode, the process size limit was hit
# Possible solutions:
#   Reduce memory load on the system
#   Increase physical memory or swap space
#   Check if swap backing store is full
#   Use 64 bit Java on a 64 bit OS
#   Decrease Java heap size (-Xmx/-Xms)
#   Decrease number of Java threads
#   Decrease Java thread stack sizes (-Xss)
#   Set larger code cache with -XX:ReservedCodeCacheSize=
# This output file may be truncated or incomplete.
#
#  Out of Memory Error (allocation.cpp:390), pid=19276, tid=0x000000000000214c
#
# JRE version: Java(TM) SE Runtime Environment (8.0_111-b14) (build 1.8.0_111-b14)
# Java VM: Java HotSpot(TM) 64-Bit Server VM (25.111-b14 mixed mode windows-amd64 compressed oops)
# Failed to write core dump. Minidumps are not enabled by default on client versions of Windows
#

---------------  T H R E A D  ---------------

Current thread (0x000000001a88a000):  JavaThread "C2 CompilerThread1" daemon [_thread_in_native, id=8524, stack(0x000000001b0b0000,0x000000001b1b0000)]

Stack: [0x000000001b0b0000,0x000000001b1b0000]
[error occurred during error reporting (printing stack bounds), id 0xc0000005]

Native frames: (J=compiled Java code, j=interpreted, Vv=VM code, C=native code)


Current CompileTask:
C2:  26195 3357   !   4       org.springframework.core.annotation.AnnotationsScanner::processMethodHierarchy (276 bytes)


---------------  P R O C E S S  ---------------

Java Threads: ( => current thread )
  0x000000001b6f5000 JavaThread "Apollo-RemoteConfigLongPollService-1" daemon [_thread_blocked, id=1380, stack(0x000000001d130000,0x000000001d230000)]
  0x000000001b6ee000 JavaThread "Apollo-RemoteConfigRepository-1" daemon [_thread_blocked, id=2344, stack(0x000000001d030000,0x000000001d130000)]
  0x000000001b6f2800 JavaThread "Apollo-ConfigServiceLocator-1" daemon [_thread_blocked, id=1704, stack(0x000000001cd30000,0x000000001ce30000)]
  0x000000001a95a000 JavaThread "Service Thread" daemon [_thread_blocked, id=7824, stack(0x000000001b3b0000,0x000000001b4b0000)]
  0x000000001a8c5800 JavaThread "C1 CompilerThread3" daemon [_thread_blocked, id=1028, stack(0x000000001b2b0000,0x000000001b3b0000)]
  0x000000001a8c4800 JavaThread "C2 CompilerThread2" daemon [_thread_in_native, id=8400, stack(0x000000001b1b0000,0x000000001b2b0000)]
=>0x000000001a88a000 JavaThread "C2 CompilerThread1" daemon [_thread_in_native, id=8524, stack(0x000000001b0b0000,0x000000001b1b0000)]
  0x000000001a887800 JavaThread "C2 CompilerThread0" daemon [_thread_blocked, id=7360, stack(0x000000001afb0000,0x000000001b0b0000)]
  0x000000001a8c0000 JavaThread "Monitor Ctrl-Break" daemon [_thread_in_native, id=7364, stack(0x000000001aeb0000,0x000000001afb0000)]
  0x000000001a048000 JavaThread "Attach Listener" daemon [_thread_blocked, id=14620, stack(0x000000001a5b0000,0x000000001a6b0000)]
  0x0000000019ff5000 JavaThread "Signal Dispatcher" daemon [_thread_blocked, id=1204, stack(0x000000001a4b0000,0x000000001a5b0000)]
  0x0000000019fd0800 JavaThread "Finalizer" daemon [_thread_blocked, id=12264, stack(0x000000001a3b0000,0x000000001a4b0000)]
  0x00000000031ad000 JavaThread "Reference Handler" daemon [_thread_blocked, id=5884, stack(0x0000000019eb0000,0x0000000019fb0000)]
  0x00000000030b6000 JavaThread "main" [_thread_in_native, id=4004, stack(0x0000000002de0000,0x0000000002ee0000)]

Other Threads:
  0x00000000180c9800 VMThread [stack: 0x0000000019db0000,0x0000000019eb0000] [id=6272]
  0x000000001aa01800 WatcherThread [stack: 0x000000001b4b0000,0x000000001b5b0000] [id=14848]

VM state:not at safepoint (normal execution)

VM Mutex/Monitor currently owned by a thread: None

Heap:
 PSYoungGen      total 135168K, used 21643K [0x00000000d6100000, 0x00000000e3580000, 0x0000000100000000)
  eden space 125952K, 17% used [0x00000000d6100000,0x00000000d7622d38,0x00000000ddc00000)
  from space 9216K, 0% used [0x00000000ddc00000,0x00000000ddc00000,0x00000000de500000)
  to   space 9728K, 0% used [0x00000000e2c00000,0x00000000e2c00000,0x00000000e3580000)
 ParOldGen       total 41984K, used 12964K [0x0000000082200000, 0x0000000084b00000, 0x00000000d6100000)
  object space 41984K, 30% used [0x0000000082200000,0x0000000082ea93f0,0x0000000084b00000)
 Metaspace       used 35697K, capacity 37756K, committed 37976K, reserved 1081344K
  class space    used 4752K, capacity 5126K, committed 5248K, reserved 1048576K

Card table byte_map: [0x0000000012570000,0x0000000012960000] byte_map_base: 0x000000001215f000

Marking Bits: (ParMarkBitMap*) 0x000000006f60a6c0
 Begin Bits: [0x0000000013400000, 0x0000000015378000)
 End Bits:   [0x0000000015378000, 0x00000000172f0000)

Polling page: 0x0000000001100000

CodeCache: size=245760Kb used=11459Kb max_used=11504Kb free=234300Kb
 bounds [0x00000000031b0000, 0x0000000003d00000, 0x00000000121b0000]
 total_blobs=3565 nmethods=3166 adapters=310
 compilation: enabled

Compilation events (10 events):
Event: 25.750 Thread 0x000000001a8c5800 nmethod 3384 0x0000000003ca0890 code [0x0000000003ca0a20, 0x0000000003ca0da8]
Event: 25.750 Thread 0x000000001a8c5800 3385       3       java.lang.ThreadLocal$ThreadLocalMap::access$000 (6 bytes)
Event: 25.750 Thread 0x000000001a8c5800 nmethod 3385 0x0000000003ca0f50 code [0x0000000003ca10c0, 0x0000000003ca1228]
Event: 25.835 Thread 0x000000001a88a000 nmethod 3318 0x0000000003ca8b50 code [0x0000000003ca90e0, 0x0000000003cadbb8]
Event: 25.836 Thread 0x000000001a88a000 3357   !   4       org.springframework.core.annotation.AnnotationsScanner::processMethodHierarchy (276 bytes)
Event: 25.850 Thread 0x000000001a8c4800 nmethod 3311 0x0000000003cbb9d0 code [0x0000000003cbc000, 0x0000000003cc0c30]
Event: 25.851 Thread 0x000000001a8c4800 3364       4       org.springframework.core.annotation.TypeMappedAnnotations$MergedAnnotationFinder::doWithAnnotations (75 bytes)
Event: 25.895 Thread 0x000000001a8c4800 nmethod 3364 0x0000000003ca3bd0 code [0x0000000003ca3ee0, 0x0000000003ca5b58]
Event: 25.895 Thread 0x000000001a8c4800 3338       4       org.springframework.core.annotation.TypeMappedAnnotations::get (8 bytes)
Event: 26.053 Thread 0x000000001a887800 nmethod 3341 0x0000000003cd1510 code [0x0000000003cd24a0, 0x0000000003cda5a0]

GC Heap History (10 events):
Event: 23.744 GC heap before
{Heap before GC invocations=7 (full 1):
 PSYoungGen      total 37888K, used 32768K [0x00000000d6100000, 0x00000000db200000, 0x0000000100000000)
  eden space 32768K, 100% used [0x00000000d6100000,0x00000000d8100000,0x00000000d8100000)
  from space 5120K, 0% used [0x00000000d8100000,0x00000000d8100000,0x00000000d8600000)
  to   space 8704K, 0% used [0x00000000da980000,0x00000000da980000,0x00000000db200000)
 ParOldGen       total 41984K, used 5095K [0x0000000082200000, 0x0000000084b00000, 0x00000000d6100000)
  object space 41984K, 12% used [0x0000000082200000,0x00000000826f9da0,0x0000000084b00000)
 Metaspace       used 23720K, capacity 24630K, committed 24832K, reserved 1071104K
  class space    used 3072K, capacity 3267K, committed 3328K, reserved 1048576K
Event: 23.748 GC heap after
Heap after GC invocations=7 (full 1):
 PSYoungGen      total 72192K, used 4275K [0x00000000d6100000, 0x00000000db100000, 0x0000000100000000)
  eden space 64512K, 0% used [0x00000000d6100000,0x00000000d6100000,0x00000000da000000)
  from space 7680K, 55% used [0x00000000da980000,0x00000000dadacec8,0x00000000db100000)
  to   space 8704K, 0% used [0x00000000da000000,0x00000000da000000,0x00000000da880000)
 ParOldGen       total 41984K, used 5103K [0x0000000082200000, 0x0000000084b00000, 0x00000000d6100000)
  object space 41984K, 12% used [0x0000000082200000,0x00000000826fbda0,0x0000000084b00000)
 Metaspace       used 23720K, capacity 24630K, committed 24832K, reserved 1071104K
  class space    used 3072K, capacity 3267K, committed 3328K, reserved 1048576K
}
Event: 24.029 GC heap before
{Heap before GC invocations=8 (full 1):
 PSYoungGen      total 72192K, used 68787K [0x00000000d6100000, 0x00000000db100000, 0x0000000100000000)
  eden space 64512K, 100% used [0x00000000d6100000,0x00000000da000000,0x00000000da000000)
  from space 7680K, 55% used [0x00000000da980000,0x00000000dadacec8,0x00000000db100000)
  to   space 8704K, 0% used [0x00000000da000000,0x00000000da000000,0x00000000da880000)
 ParOldGen       total 41984K, used 5103K [0x0000000082200000, 0x0000000084b00000, 0x00000000d6100000)
  object space 41984K, 12% used [0x0000000082200000,0x00000000826fbda0,0x0000000084b00000)
 Metaspace       used 25615K, capacity 26580K, committed 26880K, reserved 1073152K
  class space    used 3273K, capacity 3468K, committed 3584K, reserved 1048576K
Event: 24.036 GC heap after
Heap after GC invocations=8 (full 1):
 PSYoungGen      total 73216K, used 4530K [0x00000000d6100000, 0x00000000ded00000, 0x0000000100000000)
  eden space 64512K, 0% used [0x00000000d6100000,0x00000000d6100000,0x00000000da000000)
  from space 8704K, 52% used [0x00000000da000000,0x00000000da46c878,0x00000000da880000)
  to   space 8192K, 0% used [0x00000000de500000,0x00000000de500000,0x00000000ded00000)
 ParOldGen       total 41984K, used 5111K [0x0000000082200000, 0x0000000084b00000, 0x00000000d6100000)
  object space 41984K, 12% used [0x0000000082200000,0x00000000826fdda0,0x0000000084b00000)
 Metaspace       used 25615K, capacity 26580K, committed 26880K, reserved 1073152K
  class space    used 3273K, capacity 3468K, committed 3584K, reserved 1048576K
}
Event: 24.816 GC heap before
{Heap before GC invocations=9 (full 1):
 PSYoungGen      total 73216K, used 69042K [0x00000000d6100000, 0x00000000ded00000, 0x0000000100000000)
  eden space 64512K, 100% used [0x00000000d6100000,0x00000000da000000,0x00000000da000000)
  from space 8704K, 52% used [0x00000000da000000,0x00000000da46c878,0x00000000da880000)
  to   space 8192K, 0% used [0x00000000de500000,0x00000000de500000,0x00000000ded00000)
 ParOldGen       total 41984K, used 5111K [0x0000000082200000, 0x0000000084b00000, 0x00000000d6100000)
  object space 41984K, 12% used [0x0000000082200000,0x00000000826fdda0,0x0000000084b00000)
 Metaspace       used 30273K, capacity 31650K, committed 32000K, reserved 1077248K
  class space    used 3945K, capacity 4225K, committed 4352K, reserved 1048576K
Event: 24.825 GC heap after
Heap after GC invocations=9 (full 1):
 PSYoungGen      total 134144K, used 8186K [0x00000000d6100000, 0x00000000dee80000, 0x0000000100000000)
  eden space 125952K, 0% used [0x00000000d6100000,0x00000000d6100000,0x00000000ddc00000)
  from space 8192K, 99% used [0x00000000de500000,0x00000000decfea78,0x00000000ded00000)
  to   space 9216K, 0% used [0x00000000ddc00000,0x00000000ddc00000,0x00000000de500000)
 ParOldGen       total 41984K, used 5707K [0x0000000082200000, 0x0000000084b00000, 0x00000000d6100000)
  object space 41984K, 13% used [0x0000000082200000,0x0000000082792e88,0x0000000084b00000)
 Metaspace       used 30273K, capacity 31650K, committed 32000K, reserved 1077248K
  class space    used 3945K, capacity 4225K, committed 4352K, reserved 1048576K
}
Event: 25.393 GC heap before
{Heap before GC invocations=10 (full 1):
 PSYoungGen      total 134144K, used 59494K [0x00000000d6100000, 0x00000000dee80000, 0x0000000100000000)
  eden space 125952K, 40% used [0x00000000d6100000,0x00000000d931af70,0x00000000ddc00000)
  from space 8192K, 99% used [0x00000000de500000,0x00000000decfea78,0x00000000ded00000)
  to   space 9216K, 0% used [0x00000000ddc00000,0x00000000ddc00000,0x00000000de500000)
 ParOldGen       total 41984K, used 5707K [0x0000000082200000, 0x0000000084b00000, 0x00000000d6100000)
  object space 41984K, 13% used [0x0000000082200000,0x0000000082792e88,0x0000000084b00000)
 Metaspace       used 33720K, capacity 35304K, committed 35416K, reserved 1079296K
  class space    used 4424K, capacity 4710K, committed 4736K, reserved 1048576K
Event: 25.402 GC heap after
Heap after GC invocations=10 (full 1):
 PSYoungGen      total 135168K, used 7820K [0x00000000d6100000, 0x00000000e3580000, 0x0000000100000000)
  eden space 125952K, 0% used [0x00000000d6100000,0x00000000d6100000,0x00000000ddc00000)
  from space 9216K, 84% used [0x00000000ddc00000,0x00000000de3a30d8,0x00000000de500000)
  to   space 9728K, 0% used [0x00000000e2c00000,0x00000000e2c00000,0x00000000e3580000)
 ParOldGen       total 41984K, used 6735K [0x0000000082200000, 0x0000000084b00000, 0x00000000d6100000)
  object space 41984K, 16% used [0x0000000082200000,0x0000000082893e98,0x0000000084b00000)
 Metaspace       used 33720K, capacity 35304K, committed 35416K, reserved 1079296K
  class space    used 4424K, capacity 4710K, committed 4736K, reserved 1048576K
}
Event: 25.403 GC heap before
{Heap before GC invocations=11 (full 2):
 PSYoungGen      total 135168K, used 7820K [0x00000000d6100000, 0x00000000e3580000, 0x0000000100000000)
  eden space 125952K, 0% used [0x00000000d6100000,0x00000000d6100000,0x00000000ddc00000)
  from space 9216K, 84% used [0x00000000ddc00000,0x00000000de3a30d8,0x00000000de500000)
  to   space 9728K, 0% used [0x00000000e2c00000,0x00000000e2c00000,0x00000000e3580000)
 ParOldGen       total 41984K, used 6735K [0x0000000082200000, 0x0000000084b00000, 0x00000000d6100000)
  object space 41984K, 16% used [0x0000000082200000,0x0000000082893e98,0x0000000084b00000)
 Metaspace       used 33720K, capacity 35304K, committed 35416K, reserved 1079296K
  class space    used 4424K, capacity 4710K, committed 4736K, reserved 1048576K
Event: 25.486 GC heap after
Heap after GC invocations=11 (full 2):
 PSYoungGen      total 135168K, used 0K [0x00000000d6100000, 0x00000000e3580000, 0x0000000100000000)
  eden space 125952K, 0% used [0x00000000d6100000,0x00000000d6100000,0x00000000ddc00000)
  from space 9216K, 0% used [0x00000000ddc00000,0x00000000ddc00000,0x00000000de500000)
  to   space 9728K, 0% used [0x00000000e2c00000,0x00000000e2c00000,0x00000000e3580000)
 ParOldGen       total 41984K, used 12964K [0x0000000082200000, 0x0000000084b00000, 0x00000000d6100000)
  object space 41984K, 30% used [0x0000000082200000,0x0000000082ea93f0,0x0000000084b00000)
 Metaspace       used 33720K, capacity 35304K, committed 35416K, reserved 1079296K
  class space    used 4424K, capacity 4710K, committed 4736K, reserved 1048576K
}

Deoptimization events (10 events):
Event: 25.587 Thread 0x00000000030b6000 Uncommon trap: reason=unstable_if action=reinterpret pc=0x0000000003c03864 method=org.springframework.beans.factory.support.AbstractAutowireCapableBeanFactory.predictBeanType(Ljava/lang/String;Lorg/springframework/beans/factory/support/RootBeanDefinition;
Event: 25.589 Thread 0x00000000030b6000 Uncommon trap: reason=unstable_if action=reinterpret pc=0x000000000377aa5c method=java.util.concurrent.ConcurrentHashMap.get(Ljava/lang/Object;)Ljava/lang/Object; @ 76
Event: 25.589 Thread 0x00000000030b6000 Uncommon trap: reason=class_check action=maybe_recompile pc=0x00000000032ec4a8 method=java.util.concurrent.ConcurrentHashMap.putVal(Ljava/lang/Object;Ljava/lang/Object;Z)Ljava/lang/Object; @ 192
Event: 25.601 Thread 0x00000000030b6000 Uncommon trap: reason=class_check action=maybe_recompile pc=0x00000000032ec4a8 method=java.util.concurrent.ConcurrentHashMap.putVal(Ljava/lang/Object;Ljava/lang/Object;Z)Ljava/lang/Object; @ 192
Event: 25.619 Thread 0x00000000030b6000 Uncommon trap: reason=class_check action=maybe_recompile pc=0x00000000032ec4a8 method=java.util.concurrent.ConcurrentHashMap.putVal(Ljava/lang/Object;Ljava/lang/Object;Z)Ljava/lang/Object; @ 192
Event: 25.621 Thread 0x00000000030b6000 Uncommon trap: reason=class_check action=maybe_recompile pc=0x00000000032ec4a8 method=java.util.concurrent.ConcurrentHashMap.putVal(Ljava/lang/Object;Ljava/lang/Object;Z)Ljava/lang/Object; @ 192
Event: 25.685 Thread 0x00000000030b6000 Uncommon trap: reason=unstable_if action=reinterpret pc=0x0000000003c5e728 method=java.util.concurrent.ConcurrentHashMap.get(Ljava/lang/Object;)Ljava/lang/Object; @ 152
Event: 25.701 Thread 0x00000000030b6000 Uncommon trap: reason=class_check action=maybe_recompile pc=0x0000000003a9fea4 method=org.springframework.core.ResolvableType.resolveType()Lorg/springframework/core/ResolvableType; @ 101
Event: 25.715 Thread 0x00000000030b6000 Uncommon trap: reason=unstable_if action=reinterpret pc=0x000000000330cc94 method=java.util.LinkedHashMap.get(Ljava/lang/Object;)Ljava/lang/Object; @ 20
Event: 25.722 Thread 0x00000000030b6000 Uncommon trap: reason=unstable_if action=reinterpret pc=0x00000000032bf08c method=java.util.Properties.loadConvert([CII[C)Ljava/lang/String; @ 57

Internal exceptions (10 events):
Event: 25.330 Thread 0x00000000030b6000 Exception <a 'java/lang/NoSuchMethodError': java.lang.Object.lambda$thenComparing$36697e65$1(Ljava/util/Comparator;Ljava/lang/Object;Ljava/lang/Object;)I> (0x00000000d8cd3780) thrown at [C:\re\workspace\8-2-build-windows-amd64-cygwin\jdk8u111\7883\hotspot
Event: 25.358 Thread 0x00000000030b6000 Exception <a 'java/lang/ClassNotFoundException': java/lang/ObjectCustomizer> (0x00000000d8ee0420) thrown at [C:\re\workspace\8-2-build-windows-amd64-cygwin\jdk8u111\7883\hotspot\src\share\vm\classfile\systemDictionary.cpp, line 210]
Event: 25.359 Thread 0x00000000030b6000 Exception <a 'java/lang/ClassNotFoundException': org/springframework/transaction/annotation/AbstractTransactionManagementConfigurationCustomizer> (0x00000000d8f0eb48) thrown at [C:\re\workspace\8-2-build-windows-amd64-cygwin\jdk8u111\7883\hotspot\src\shar
Event: 25.360 Thread 0x00000000030b6000 Exception <a 'java/lang/ClassNotFoundException': org/springframework/transaction/annotation/ProxyTransactionManagementConfigurationCustomizer> (0x00000000d8f3b5e8) thrown at [C:\re\workspace\8-2-build-windows-amd64-cygwin\jdk8u111\7883\hotspot\src\share\v
Event: 25.360 Thread 0x00000000030b6000 Exception <a 'java/lang/ClassNotFoundException': org/springframework/context/annotation/ImportAwareCustomizer> (0x00000000d8f5e778) thrown at [C:\re\workspace\8-2-build-windows-amd64-cygwin\jdk8u111\7883\hotspot\src\share\vm\classfile\systemDictionary.cpp
Event: 25.361 Thread 0x00000000030b6000 Exception <a 'java/lang/ClassNotFoundException': org/springframework/beans/factory/AwareCustomizer> (0x00000000d8f79ab0) thrown at [C:\re\workspace\8-2-build-windows-amd64-cygwin\jdk8u111\7883\hotspot\src\share\vm\classfile\systemDictionary.cpp, line 210]
Event: 25.361 Thread 0x00000000030b6000 Implicit null exception at 0x000000000390594c to 0x0000000003905ac1
Event: 25.531 Thread 0x00000000030b6000 Exception <a 'java/lang/NoSuchMethodError': java.lang.Object.lambda$map$1(Ljava/util/function/Function;)Ljava/util/stream/Stream;> (0x00000000d657d0d0) thrown at [C:\re\workspace\8-2-build-windows-amd64-cygwin\jdk8u111\7883\hotspot\src\share\vm\interprete
Event: 25.639 Thread 0x00000000030b6000 Exception <a 'java/lang/IncompatibleClassChangeError': Found class java.lang.Object, but interface was expected> (0x00000000d6c94b38) thrown at [C:\re\workspace\8-2-build-windows-amd64-cygwin\jdk8u111\7883\hotspot\src\share\vm\interpreter\linkResolver.cpp
Event: 26.168 Thread 0x000000001b6f5000 Exception <a 'java/net/SocketTimeoutException': connect timed out> (0x00000000d75bc818) thrown at [C:\re\workspace\8-2-build-windows-amd64-cygwin\jdk8u111\7883\hotspot\src\share\vm\prims\jni.cpp, line 735]

Events (10 events):
Event: 25.741 loading class sun/security/provider/SecureRandom$SeederHolder
Event: 25.741 loading class sun/security/provider/SecureRandom$SeederHolder done
Event: 25.741 loading class sun/security/provider/SeedGenerator
Event: 25.741 loading class sun/security/provider/SeedGenerator done
Event: 25.741 loading class sun/security/provider/NativeSeedGenerator
Event: 25.741 loading class sun/security/provider/NativeSeedGenerator done
Event: 25.747 loading class sun/security/provider/SeedGenerator$1
Event: 25.747 loading class sun/security/provider/SeedGenerator$1 done
Event: 25.747 loading class sun/security/provider/ByteArrayAccess
Event: 25.747 loading class sun/security/provider/ByteArrayAccess done


Dynamic libraries:
0x00007ff6c4250000 - 0x00007ff6c4287000 	D:\Programs\Java\jdk1.8.0_111\bin\java.exe
0x00007ffc0a600000 - 0x00007ffc0a7f0000 	C:\Windows\SYSTEM32\ntdll.dll
0x00007ffc08810000 - 0x00007ffc088c2000 	C:\Windows\System32\KERNEL32.DLL
0x00007ffc078e0000 - 0x00007ffc07b85000 	C:\Windows\System32\KERNELBASE.dll
0x00007ffc09300000 - 0x00007ffc093a3000 	C:\Windows\System32\ADVAPI32.dll
0x00007ffc09a10000 - 0x00007ffc09aae000 	C:\Windows\System32\msvcrt.dll
0x00007ffc09ff0000 - 0x00007ffc0a087000 	C:\Windows\System32\sechost.dll
0x00007ffc091e0000 - 0x00007ffc092ff000 	C:\Windows\System32\RPCRT4.dll
0x00007ffc088d0000 - 0x00007ffc08a64000 	C:\Windows\System32\USER32.dll
0x00007ffc076b0000 - 0x00007ffc076d1000 	C:\Windows\System32\win32u.dll
0x00007ffc093b0000 - 0x00007ffc093d6000 	C:\Windows\System32\GDI32.dll
0x00007ffc07b90000 - 0x00007ffc07d28000 	C:\Windows\System32\gdi32full.dll
0x00007ffc07e90000 - 0x00007ffc07f2e000 	C:\Windows\System32\msvcp_win.dll
0x00007ffc077e0000 - 0x00007ffc078da000 	C:\Windows\System32\ucrtbase.dll
0x00007ffbf66b0000 - 0x00007ffbf6934000 	C:\Windows\WinSxS\amd64_microsoft.windows.common-controls_6595b64144ccf1df_6.0.18362.1556_none_9e7e372fe45e41d5\COMCTL32.dll
0x00007ffc09640000 - 0x00007ffc09976000 	C:\Windows\System32\combase.dll
0x00007ffc07620000 - 0x00007ffc076a1000 	C:\Windows\System32\bcryptPrimitives.dll
0x00007ffc0a2f0000 - 0x00007ffc0a31e000 	C:\Windows\System32\IMM32.DLL
0x000000006f690000 - 0x000000006f762000 	D:\Programs\Java\jdk1.8.0_111\jre\bin\msvcr100.dll
0x000000006edf0000 - 0x000000006f68a000 	D:\Programs\Java\jdk1.8.0_111\jre\bin\server\jvm.dll
0x00007ffc08730000 - 0x00007ffc08738000 	C:\Windows\System32\PSAPI.DLL
0x00007ffc05150000 - 0x00007ffc05174000 	C:\Windows\SYSTEM32\WINMM.dll
0x00007ffbf7b50000 - 0x00007ffbf7b59000 	C:\Windows\SYSTEM32\WSOCK32.dll
0x00007ffc00f30000 - 0x00007ffc00f3a000 	C:\Windows\SYSTEM32\VERSION.dll
0x00007ffc09160000 - 0x00007ffc091cf000 	C:\Windows\System32\WS2_32.dll
0x00007ffc05040000 - 0x00007ffc0506d000 	C:\Windows\SYSTEM32\WINMMBASE.dll
0x00007ffc07760000 - 0x00007ffc077aa000 	C:\Windows\System32\cfgmgr32.dll
0x000000006ede0000 - 0x000000006edef000 	D:\Programs\Java\jdk1.8.0_111\jre\bin\verify.dll
0x000000006edb0000 - 0x000000006edd9000 	D:\Programs\Java\jdk1.8.0_111\jre\bin\java.dll
0x000000006ed10000 - 0x000000006ed33000 	D:\Programs\Java\jdk1.8.0_111\jre\bin\instrument.dll
0x000000006ed90000 - 0x000000006eda6000 	D:\Programs\Java\jdk1.8.0_111\jre\bin\zip.dll
0x00007ffc08a70000 - 0x00007ffc09157000 	C:\Windows\System32\SHELL32.dll
0x00007ffc093e0000 - 0x00007ffc09488000 	C:\Windows\System32\shcore.dll
0x00007ffc07f30000 - 0x00007ffc086ab000 	C:\Windows\System32\windows.storage.dll
0x00007ffc074e0000 - 0x00007ffc074fe000 	C:\Windows\System32\profapi.dll
0x00007ffc07520000 - 0x00007ffc0756a000 	C:\Windows\System32\powrprof.dll
0x00007ffc074b0000 - 0x00007ffc074c0000 	C:\Windows\System32\UMPDC.dll
0x00007ffc0a160000 - 0x00007ffc0a1b2000 	C:\Windows\System32\shlwapi.dll
0x00007ffc07500000 - 0x00007ffc07511000 	C:\Windows\System32\kernel.appcore.dll
0x00007ffc076e0000 - 0x00007ffc076f7000 	C:\Windows\System32\cryptsp.dll
0x00007ffc01040000 - 0x00007ffc0105a000 	D:\Programs\IntelliJ IDEA Educational Edition 2019.3.1\bin\breakgen64.dll
0x000000006ed70000 - 0x000000006ed8a000 	D:\Programs\Java\jdk1.8.0_111\jre\bin\net.dll
0x00007ffc06cf0000 - 0x00007ffc06d57000 	C:\Windows\system32\mswsock.dll
0x00007ffc06a00000 - 0x00007ffc06a3a000 	C:\Windows\SYSTEM32\IPHLPAPI.DLL
0x00007ffc091d0000 - 0x00007ffc091d8000 	C:\Windows\System32\NSI.dll
0x00007ffbff620000 - 0x00007ffbff636000 	C:\Windows\SYSTEM32\dhcpcsvc6.DLL
0x00007ffbff600000 - 0x00007ffbff61c000 	C:\Windows\SYSTEM32\dhcpcsvc.DLL
0x00007ffc06a40000 - 0x00007ffc06b0b000 	C:\Windows\SYSTEM32\DNSAPI.dll
0x000000006ed50000 - 0x000000006ed61000 	D:\Programs\Java\jdk1.8.0_111\jre\bin\nio.dll
0x000000006ed40000 - 0x000000006ed4d000 	D:\Programs\Java\jdk1.8.0_111\jre\bin\management.dll
0x00007ffbf6360000 - 0x00007ffbf6376000 	C:\Windows\system32\napinsp.dll
0x00007ffbf6250000 - 0x00007ffbf626a000 	C:\Windows\system32\pnrpnsp.dll
0x00007ffbf7ad0000 - 0x00007ffbf7ade000 	C:\Windows\System32\winrnr.dll
0x00007ffc03cb0000 - 0x00007ffc03ccc000 	C:\Windows\system32\NLAapi.dll
0x00007ffbf3440000 - 0x00007ffbf3455000 	C:\Windows\system32\wshbth.dll
0x00007ffbfde90000 - 0x00007ffbfde9a000 	C:\Windows\System32\rasadhlp.dll
0x00007ffbfdde0000 - 0x00007ffbfde57000 	C:\Windows\System32\fwpuclnt.dll
0x00007ffc077b0000 - 0x00007ffc077d6000 	C:\Windows\System32\bcrypt.dll
0x00007ffc06870000 - 0x00007ffc068a3000 	C:\Windows\system32\rsaenh.dll
0x00007ffc073d0000 - 0x00007ffc073f5000 	C:\Windows\SYSTEM32\USERENV.dll
0x00007ffc06ec0000 - 0x00007ffc06ecc000 	C:\Windows\SYSTEM32\CRYPTBASE.dll

VM Arguments:
jvm_args: -javaagent:D:\Programs\IntelliJ IDEA Educational Edition 2019.3.1\lib\idea_rt.jar=55455:D:\Programs\IntelliJ IDEA Educational Edition 2019.3.1\bin -Dfile.encoding=UTF-8 
java_command: com.book.DesignApplication
java_class_path (initial): D:\Programs\Java\jdk1.8.0_111\jre\lib\charsets.jar;D:\Programs\Java\jdk1.8.0_111\jre\lib\deploy.jar;D:\Programs\Java\jdk1.8.0_111\jre\lib\ext\access-bridge-64.jar;D:\Programs\Java\jdk1.8.0_111\jre\lib\ext\cldrdata.jar;D:\Programs\Java\jdk1.8.0_111\jre\lib\ext\dnsns.jar;D:\Programs\Java\jdk1.8.0_111\jre\lib\ext\jaccess.jar;D:\Programs\Java\jdk1.8.0_111\jre\lib\ext\jfxrt.jar;D:\Programs\Java\jdk1.8.0_111\jre\lib\ext\localedata.jar;D:\Programs\Java\jdk1.8.0_111\jre\lib\ext\nashorn.jar;D:\Programs\Java\jdk1.8.0_111\jre\lib\ext\sunec.jar;D:\Programs\Java\jdk1.8.0_111\jre\lib\ext\sunjce_provider.jar;D:\Programs\Java\jdk1.8.0_111\jre\lib\ext\sunmscapi.jar;D:\Programs\Java\jdk1.8.0_111\jre\lib\ext\sunpkcs11.jar;D:\Programs\Java\jdk1.8.0_111\jre\lib\ext\zipfs.jar;D:\Programs\Java\jdk1.8.0_111\jre\lib\javaws.jar;D:\Programs\Java\jdk1.8.0_111\jre\lib\jce.jar;D:\Programs\Java\jdk1.8.0_111\jre\lib\jfr.jar;D:\Programs\Java\jdk1.8.0_111\jre\lib\jfxswt.jar;D:\Programs\Java\jdk1.8.0_111\jre\lib\jsse.jar;D:\Programs\Java\jdk1.8.0_111\jre\lib\management-agent.jar;D:\Programs\Java\jdk1.8.0_111\jre\lib\plugin.jar;D:\Programs\Java\jdk1.8.0_111\jre\lib\resources.jar;D:\Programs\Java\jdk1.8.0_111\jre\lib\rt.jar;E:\IdeaWorkspace\design\target\classes;D:\maven-repository\org\springframework\boot\spring-boot-starter\2.7.3\spring-boot-starter-2.7.3.jar;D:\maven-repository\org\springframework\boot\spring-boot\2.7.3\spring-boot-2.7.3.jar;D:\maven-repository\org\springframework\spring-context\5.3.22\spring-context-5.3.22.jar;D:\maven-repository\org\springframework\boot\spring-boot-autoconfigure\2.7.3\spring-boot-autoconfigure-2.7.3.jar;D:\maven-repository\org\springframework\boot\spring-boot-starter-logging\2.7.3\spring-boot-starter-logging-2.7.3.jar;D:\maven-repository\ch\qos\logback\logback-classic\1.2.11\logback-classic-1.2.11.jar;D:\maven-repository\ch\qos\logback\logback-core\1.2.11\logback-core-1.2.11.jar;D:\maven-repository\org\apache\logging\log4j\log4j-to-slf
Launcher Type: SUN_STANDARD

Environment Variables:
JAVA_HOME=D:\Programs\Java\jdk1.8.0_111
CLASSPATH=.;D:\Programs\Java\jdk1.8.0_111\bin;D:\Programs\Java\jdk1.8.0_111\jre\bin;E:\aspecj\aspectj-1.9.5.jar
PATH=C:\ProgramData\Oracle\Java\javapath;C:\Windows\system32;C:\Windows;C:\Windows\System32\Wbem;C:\Windows\System32\WindowsPowerShell\v1.0\;C:\Windows\System32\OpenSSH\;C:\Program Files (x86)\NVIDIA Corporation\PhysX\Common;C:\Program Files\NVIDIA Corporation\NVIDIA NvDLISR;C:\Program Files\Intel\WiFi\bin\;C:\Program Files\Common Files\Intel\WirelessCommon\;C:\Program Files (x86)\Intel\Intel(R) Management Engine Components\DAL;C:\Program Files\Intel\Intel(R) Management Engine Components\DAL;D:\Programs\Java\jdk1.8.0_111\bin;D:\Programs\Java\jdk1.8.0_111\jre\bin;D:\Programs\Git\cmd;D:\Programs\BitviseSSH;%HADOOP_HOME%\bin;C:\Program Files (x86)\scala\bin;D:\Programs\spark\bin;D:\Programs\nodejs\;D:\Programs\Redis\;D:\Programs\gradle-6.4.1\bin;C:\Users\Family\AppData\Local\Microsoft\WindowsApps;C:\Users\Family\AppData\Roaming\npm;D:\Programs\python2;C:\aspectj1.9\bin;D:\Programs\erl-24.1.7\bin;
USERNAME=Family
OS=Windows_NT
PROCESSOR_IDENTIFIER=Intel64 Family 6 Model 158 Stepping 10, GenuineIntel



---------------  S Y S T E M  ---------------

OS: Windows 10.0 , 64 bit Build 18362 (10.0.18362.1500)

CPU:total 8 (4 cores per cpu, 2 threads per core) family 6 model 158 stepping 10, cmov, cx8, fxsr, mmx, sse, sse2, sse3, ssse3, sse4.1, sse4.2, popcnt, avx, avx2, aes, clmul, erms, 3dnowpref, lzcnt, ht, tsc, tscinvbit, bmi1, bmi2, adx

Memory: 4k page, physical 8243828k(1360092k free), swap 14535284k(9828k free)

vm_info: Java HotSpot(TM) 64-Bit Server VM (25.111-b14) for windows-amd64 JRE (1.8.0_111-b14), built on Sep 22 2016 19:24:05 by "java_re" with MS VC++ 10.0 (VS2010)

time: Sun Mar 12 17:33:06 2023
elapsed time: 26 seconds (0d 0h 0m 26s)

